Determining if the pthread_create exist failed with the following output:
Change Dir: /media/rahul/rahul/auv/samudra/catkin_ws/build/CMakeFiles/CMakeTmp

Run Build Command:"/usr/bin/make" "cmTC_07000/fast"
/usr/bin/make -f CMakeFiles/cmTC_07000.dir/build.make CMakeFiles/cmTC_07000.dir/build
make[1]: Entering directory '/media/rahul/rahul/auv/samudra/catkin_ws/build/CMakeFiles/CMakeTmp'
Building C object CMakeFiles/cmTC_07000.dir/CheckSymbolExists.c.o
/usr/bin/cc     -o CMakeFiles/cmTC_07000.dir/CheckSymbolExists.c.o   -c /media/rahul/rahul/auv/samudra/catkin_ws/build/CMakeFiles/CMakeTmp/CheckSymbolExists.c
Linking C executable cmTC_07000
/usr/bin/cmake -E cmake_link_script CMakeFiles/cmTC_07000.dir/link.txt --verbose=1
/usr/bin/cc       CMakeFiles/cmTC_07000.dir/CheckSymbolExists.c.o  -o cmTC_07000 -rdynamic 
CMakeFiles/cmTC_07000.dir/CheckSymbolExists.c.o: In function `main':
CheckSymbolExists.c:(.text+0x16): undefined reference to `pthread_create'
collect2: error: ld returned 1 exit status
CMakeFiles/cmTC_07000.dir/build.make:97: recipe for target 'cmTC_07000' failed
make[1]: *** [cmTC_07000] Error 1
make[1]: Leaving directory '/media/rahul/rahul/auv/samudra/catkin_ws/build/CMakeFiles/CMakeTmp'
Makefile:126: recipe for target 'cmTC_07000/fast' failed
make: *** [cmTC_07000/fast] Error 2

File /media/rahul/rahul/auv/samudra/catkin_ws/build/CMakeFiles/CMakeTmp/CheckSymbolExists.c:
/* */
#include <pthread.h>

int main(int argc, char** argv)
{
  (void)argv;
#ifndef pthread_create
  return ((int*)(&pthread_create))[argc];
#else
  (void)argc;
  return 0;
#endif
}

Determining if the function pthread_create exists in the pthreads failed with the following output:
Change Dir: /media/rahul/rahul/auv/samudra/catkin_ws/build/CMakeFiles/CMakeTmp

Run Build Command:"/usr/bin/make" "cmTC_099f3/fast"
/usr/bin/make -f CMakeFiles/cmTC_099f3.dir/build.make CMakeFiles/cmTC_099f3.dir/build
make[1]: Entering directory '/media/rahul/rahul/auv/samudra/catkin_ws/build/CMakeFiles/CMakeTmp'
Building C object CMakeFiles/cmTC_099f3.dir/CheckFunctionExists.c.o
/usr/bin/cc    -DCHECK_FUNCTION_EXISTS=pthread_create   -o CMakeFiles/cmTC_099f3.dir/CheckFunctionExists.c.o   -c /usr/share/cmake-3.5/Modules/CheckFunctionExists.c
Linking C executable cmTC_099f3
/usr/bin/cmake -E cmake_link_script CMakeFiles/cmTC_099f3.dir/link.txt --verbose=1
/usr/bin/cc   -DCHECK_FUNCTION_EXISTS=pthread_create    CMakeFiles/cmTC_099f3.dir/CheckFunctionExists.c.o  -o cmTC_099f3 -rdynamic -lpthreads 
/usr/bin/ld: cannot find -lpthreads
collect2: error: ld returned 1 exit status
CMakeFiles/cmTC_099f3.dir/build.make:97: recipe for target 'cmTC_099f3' failed
make[1]: *** [cmTC_099f3] Error 1
make[1]: Leaving directory '/media/rahul/rahul/auv/samudra/catkin_ws/build/CMakeFiles/CMakeTmp'
Makefile:126: recipe for target 'cmTC_099f3/fast' failed
make: *** [cmTC_099f3/fast] Error 2


